<?xml version="1.0" encoding="UTF-8"?>
<coverage generated="1703702459579" clover="3.2.0">
  <project timestamp="1703702459579" name="All files">
    <metrics statements="8" coveredstatements="8" conditionals="2" coveredconditionals="2" methods="5" coveredmethods="5" elements="15" coveredelements="15" complexity="0" loc="8" ncloc="8" packages="1" files="1" classes="1"/>
    <file name="app.js" path="C:\Users\user\Desktop\Task Set\src\js\app.js">
      <metrics statements="8" coveredstatements="8" conditionals="2" coveredconditionals="2" methods="5" coveredmethods="5"/>
      <line num="3" count="4" type="stmt"/>
      <line num="9" count="3" type="stmt"/>
      <line num="13" count="5" type="cond" truecount="2" falsecount="0"/>
      <line num="14" count="1" type="stmt"/>
      <line num="16" count="4" type="stmt"/>
      <line num="20" count="1" type="stmt"/>
      <line num="21" count="2" type="stmt"/>
      <line num="26" count="2" type="stmt"/>
    </file>
  </project>
</coverage>
